Using pre-set license
Built from '2022.3/staging' branch; Version is '2022.3.16f1 (d2c21f0ef2f1) revision 13812255'; Using compiler version '192829333'; Build Type 'Release'
OS: 'Windows 11  (10.0.22621) 64bit Core' Language: 'en' Physical Memory: 40149 MB
BatchMode: 1, IsHumanControllingUs: 0, StartBugReporterOnCrash: 0, Is64bit: 1, IsPro: 1

COMMAND LINE ARGUMENTS:
C:\Program Files\Unity\Hub\Editor\2022.3.16f1\Editor\Unity.exe
-adb2
-batchMode
-noUpm
-name
AssetImportWorker2
-projectPath
C:/Code/FilesUnity/UnityShapesBase
-logFile
Logs/AssetImportWorker2.log
-srvPort
51585
Successfully changed project path to: C:/Code/FilesUnity/UnityShapesBase
C:/Code/FilesUnity/UnityShapesBase
[UnityMemory] Configuration Parameters - Can be set up in boot.config
    "memorysetup-bucket-allocator-granularity=16"
    "memorysetup-bucket-allocator-bucket-count=8"
    "memorysetup-bucket-allocator-block-size=33554432"
    "memorysetup-bucket-allocator-block-count=8"
    "memorysetup-main-allocator-block-size=16777216"
    "memorysetup-thread-allocator-block-size=16777216"
    "memorysetup-gfx-main-allocator-block-size=16777216"
    "memorysetup-gfx-thread-allocator-block-size=16777216"
    "memorysetup-cache-allocator-block-size=4194304"
    "memorysetup-typetree-allocator-block-size=2097152"
    "memorysetup-profiler-bucket-allocator-granularity=16"
    "memorysetup-profiler-bucket-allocator-bucket-count=8"
    "memorysetup-profiler-bucket-allocator-block-size=33554432"
    "memorysetup-profiler-bucket-allocator-block-count=8"
    "memorysetup-profiler-allocator-block-size=16777216"
    "memorysetup-profiler-editor-allocator-block-size=1048576"
    "memorysetup-temp-allocator-size-main=16777216"
    "memorysetup-job-temp-allocator-block-size=2097152"
    "memorysetup-job-temp-allocator-block-size-background=1048576"
    "memorysetup-job-temp-allocator-reduction-small-platforms=262144"
    "memorysetup-allocator-temp-initial-block-size-main=262144"
    "memorysetup-allocator-temp-initial-block-size-worker=262144"
    "memorysetup-temp-allocator-size-background-worker=32768"
    "memorysetup-temp-allocator-size-job-worker=262144"
    "memorysetup-temp-allocator-size-preload-manager=33554432"
    "memorysetup-temp-allocator-size-nav-mesh-worker=65536"
    "memorysetup-temp-allocator-size-audio-worker=65536"
    "memorysetup-temp-allocator-size-cloud-worker=32768"
    "memorysetup-temp-allocator-size-gi-baking-worker=262144"
    "memorysetup-temp-allocator-size-gfx=262144"
Player connection [6852] Host "[IP] 192.168.1.4 [Port] 0 [Flags] 2 [Guid] 3023961537 [EditorId] 3023961537 [Version] 1048832 [Id] WindowsEditor(7,LAPTOP-30T5L4K6) [Debug] 1 [PackageName] WindowsEditor [ProjectName] Editor" joined multi-casting on [225.0.0.222:54997]...

Player connection [6852] Host "[IP] 192.168.1.4 [Port] 0 [Flags] 2 [Guid] 3023961537 [EditorId] 3023961537 [Version] 1048832 [Id] WindowsEditor(7,LAPTOP-30T5L4K6) [Debug] 1 [PackageName] WindowsEditor [ProjectName] Editor" joined alternative multi-casting on [225.0.0.222:34997]...

[Physics::Module] Initialized MultithreadedJobDispatcher with 11 workers.
Refreshing native plugins compatible for Editor in 0.00 ms, found 0 plugins.
Preloading 0 native plugins for Editor in 0.00 ms.
Initialize engine version: 2022.3.16f1 (d2c21f0ef2f1)
[Subsystems] Discovering subsystems at path C:/Program Files/Unity/Hub/Editor/2022.3.16f1/Editor/Data/Resources/UnitySubsystems
[Subsystems] Discovering subsystems at path C:/Code/FilesUnity/UnityShapesBase/Assets
GfxDevice: creating device client; threaded=0; jobified=0
Direct3D:
    Version:  Direct3D 11.0 [level 11.1]
    Renderer: NVIDIA GeForce RTX 2050 (ID=0x25ad)
    Vendor:   NVIDIA
    VRAM:     3977 MB
    Driver:   31.0.15.3681
Initialize mono
Mono path[0] = 'C:/Program Files/Unity/Hub/Editor/2022.3.16f1/Editor/Data/Managed'
Mono path[1] = 'C:/Program Files/Unity/Hub/Editor/2022.3.16f1/Editor/Data/MonoBleedingEdge/lib/mono/unityjit-win32'
Mono config path = 'C:/Program Files/Unity/Hub/Editor/2022.3.16f1/Editor/Data/MonoBleedingEdge/etc'
Using monoOptions --debugger-agent=transport=dt_socket,embedding=1,server=y,suspend=n,address=127.0.0.1:56348
Begin MonoManager ReloadAssembly
Registering precompiled unity dll's ...
Register platform support module: C:/Program Files/Unity/Hub/Editor/2022.3.16f1/Editor/Data/PlaybackEngines/WindowsStandaloneSupport/UnityEditor.WindowsStandalone.Extensions.dll
Registered in 0.004942 seconds.
- Loaded All Assemblies, in  0.715 seconds
Native extension for WindowsStandalone target not found
Mono: successfully reloaded assembly
- Finished resetting the current domain, in  0.250 seconds
Domain Reload Profiling: 965ms
	BeginReloadAssembly (111ms)
		ExecutionOrderSort (0ms)
		DisableScriptedObjects (0ms)
		BackupInstance (0ms)
		ReleaseScriptingObjects (0ms)
		CreateAndSetChildDomain (1ms)
	RebuildCommonClasses (31ms)
	RebuildNativeTypeToScriptingClass (8ms)
	initialDomainReloadingComplete (49ms)
	LoadAllAssembliesAndSetupDomain (515ms)
		LoadAssemblies (111ms)
		RebuildTransferFunctionScriptingTraits (0ms)
		AnalyzeDomain (512ms)
			TypeCache.Refresh (511ms)
				TypeCache.ScanAssembly (220ms)
			ScanForSourceGeneratedMonoScriptInfo (0ms)
			ResolveRequiredComponents (0ms)
	FinalizeReload (250ms)
		ReleaseScriptCaches (0ms)
		RebuildScriptCaches (0ms)
		SetupLoadedEditorAssemblies (201ms)
			LogAssemblyErrors (0ms)
			InitializePlatformSupportModulesInManaged (8ms)
			SetLoadedEditorAssemblies (6ms)
			RefreshPlugins (0ms)
			BeforeProcessingInitializeOnLoad (2ms)
			ProcessInitializeOnLoadAttributes (134ms)
			ProcessInitializeOnLoadMethodAttributes (51ms)
			AfterProcessingInitializeOnLoad (0ms)
			EditorAssembliesLoaded (0ms)
		ExecutionOrderSort2 (0ms)
		AwakeInstancesAfterBackupRestoration (0ms)
========================================================================
Worker process is ready to serve import requests
Begin MonoManager ReloadAssembly
- Loaded All Assemblies, in  0.181 seconds
Refreshing native plugins compatible for Editor in 0.00 ms, found 0 plugins.
Native extension for WindowsStandalone target not found
Mono: successfully reloaded assembly
- Finished resetting the current domain, in  0.302 seconds
Domain Reload Profiling: 483ms
	BeginReloadAssembly (121ms)
		ExecutionOrderSort (0ms)
		DisableScriptedObjects (5ms)
		BackupInstance (0ms)
		ReleaseScriptingObjects (0ms)
		CreateAndSetChildDomain (21ms)
	RebuildCommonClasses (27ms)
	RebuildNativeTypeToScriptingClass (8ms)
	initialDomainReloadingComplete (17ms)
	LoadAllAssembliesAndSetupDomain (6ms)
		LoadAssemblies (67ms)
		RebuildTransferFunctionScriptingTraits (0ms)
		AnalyzeDomain (4ms)
			TypeCache.Refresh (3ms)
				TypeCache.ScanAssembly (0ms)
			ScanForSourceGeneratedMonoScriptInfo (0ms)
			ResolveRequiredComponents (0ms)
	FinalizeReload (303ms)
		ReleaseScriptCaches (0ms)
		RebuildScriptCaches (0ms)
		SetupLoadedEditorAssemblies (176ms)
			LogAssemblyErrors (0ms)
			InitializePlatformSupportModulesInManaged (7ms)
			SetLoadedEditorAssemblies (5ms)
			RefreshPlugins (0ms)
			BeforeProcessingInitializeOnLoad (21ms)
			ProcessInitializeOnLoadAttributes (123ms)
			ProcessInitializeOnLoadMethodAttributes (16ms)
			AfterProcessingInitializeOnLoad (5ms)
			EditorAssembliesLoaded (0ms)
		ExecutionOrderSort2 (0ms)
		AwakeInstancesAfterBackupRestoration (6ms)
Launched and connected shader compiler UnityShaderCompiler.exe after 0.05 seconds
Refreshing native plugins compatible for Editor in 0.00 ms, found 0 plugins.
Preloading 0 native plugins for Editor in 0.00 ms.
Unloading 12 Unused Serialized files (Serialized files now loaded: 0)
Unloading 3 unused Assets / (49.0 KB). Loaded Objects now: 483.
Memory consumption went from 52.6 MB to 52.5 MB.
Total: 2.391300 ms (FindLiveObjects: 0.031900 ms CreateObjectMapping: 0.003300 ms MarkObjects: 2.291000 ms  DeleteObjects: 0.064400 ms)

AssetImportParameters requested are different than current active one (requested -> active):
  custom:video-decoder-ogg-theora: a1e56fd34408186e4bbccfd4996cb3dc -> 
  custom:container-muxer-webm: aa71ff27fc2769a1b78a27578f13a17b -> 
  custom:container-demuxer-webm: 4f35f7cbe854078d1ac9338744f61a02 -> 
  custom:video-encoder-webm-vp8: eb34c28f22e8b96e1ab97ce403110664 -> 
  custom:CustomObjectIndexerAttribute: 43b350a4d6e6d1791af0b5038c4bea17 -> 
  custom:audio-encoder-webm-vorbis: bf7c407c2cedff20999df2af8eb42d56 -> 
  custom:framework-win-MediaFoundation: 216162199b28c13a410421893ffa2e32 -> 
  custom:SearchIndexIgnoredProperties: e643bd26f0fe6173181afceb89e7c659 -> 
  custom:container-demuxer-ogg: 62fdf1f143b41e24485cea50d1cbac27 -> 
  custom:video-decoder-webm-vp8: 9c59270c3fd7afecdb556c50c9e8de78 -> 
  custom:scripting/monoscript/fileName/ContainerObjects.cs: 980bd80e676de21bde171e3d36f724c2 -> 
  custom:audio-decoder-ogg-vorbis: bf7c407c2cedff20999df2af8eb42d56 -> 
  custom:AudioImporter_EditorPlatform: d09bf68614088b80899f8185d706f6e7 -> 
========================================================================
Received Import Request.
  Time since last request: 159890.103510 seconds.
  path: Assets/Shapes/solitude_interior_4k.exr
  artifactKey: Guid(4886e82f31478d94fae956e2a62b7987) Importer(2089858483,0ecaa5967403d082aa24f35e1b516d23)
Start importing Assets/Shapes/solitude_interior_4k.exr using Guid(4886e82f31478d94fae956e2a62b7987) Importer(2089858483,0ecaa5967403d082aa24f35e1b516d23) Generated GUIDs only implemented for interfaces!
 -> (artifact id: 'cea995cc4917db2bbfc4feb8d7d86272') in 0.163404 seconds
Number of updated asset objects reloaded before import = 0
Number of asset objects unloaded after import = 1
========================================================================
Received Import Request.
  Time since last request: 2.566063 seconds.
  path: Assets/Shapes/solitude_interior_4k.exr
  artifactKey: Guid(4886e82f31478d94fae956e2a62b7987) Importer(815301076,1909f56bfc062723c751e8b465ee728b)
Start importing Assets/Shapes/solitude_interior_4k.exr using Guid(4886e82f31478d94fae956e2a62b7987) Importer(815301076,1909f56bfc062723c751e8b465ee728b)  -> (artifact id: 'ce3a37b60e30af01291134e23540d8c4') in 0.056534 seconds
Number of updated asset objects reloaded before import = 0
Number of asset objects unloaded after import = 2
========================================================================
Received Import Request.
  Time since last request: 16.080710 seconds.
  path: Assets/Shapes/SkyBox.mat
  artifactKey: Guid(f1bbe7fb87c663648819a827eca229c2) Importer(2089858483,0ecaa5967403d082aa24f35e1b516d23)
Start importing Assets/Shapes/SkyBox.mat using Guid(f1bbe7fb87c663648819a827eca229c2) Importer(2089858483,0ecaa5967403d082aa24f35e1b516d23) Generated GUIDs only implemented for interfaces!
 -> (artifact id: 'f4fdb3ee58314cab9b75d55bc6c023ea') in 0.074484 seconds
Number of updated asset objects reloaded before import = 0
Number of asset objects unloaded after import = 1
========================================================================
Received Import Request.
  Time since last request: 306.446769 seconds.
  path: Assets/Shapes/lilienstein_4k.hdr
  artifactKey: Guid(16f4a33accf0f83468b15b93abe2413d) Importer(815301076,1909f56bfc062723c751e8b465ee728b)
Start importing Assets/Shapes/lilienstein_4k.hdr using Guid(16f4a33accf0f83468b15b93abe2413d) Importer(815301076,1909f56bfc062723c751e8b465ee728b)  -> (artifact id: '074da014591c8c83f8a007d869608e5a') in 0.024883 seconds
Number of updated asset objects reloaded before import = 0
Number of asset objects unloaded after import = 2
========================================================================
Received Import Request.
  Time since last request: 0.940220 seconds.
  path: Assets/Shapes/lilienstein_4k.hdr
  artifactKey: Guid(16f4a33accf0f83468b15b93abe2413d) Importer(2089858483,0ecaa5967403d082aa24f35e1b516d23)
Start importing Assets/Shapes/lilienstein_4k.hdr using Guid(16f4a33accf0f83468b15b93abe2413d) Importer(2089858483,0ecaa5967403d082aa24f35e1b516d23) Generated GUIDs only implemented for interfaces!
 -> (artifact id: 'f0abf9bd89fb7cf8d110a07baa38f8b0') in 0.028245 seconds
Number of updated asset objects reloaded before import = 0
Number of asset objects unloaded after import = 1
========================================================================
Received Import Request.
  Time since last request: 285.603508 seconds.
  path: Assets/Shapes/pngwing.com.png
  artifactKey: Guid(38692bbc1a816744aafe12aa3414d138) Importer(815301076,1909f56bfc062723c751e8b465ee728b)
Start importing Assets/Shapes/pngwing.com.png using Guid(38692bbc1a816744aafe12aa3414d138) Importer(815301076,1909f56bfc062723c751e8b465ee728b)  -> (artifact id: 'd7a0a248e832bb28ac2d82389968233d') in 0.018731 seconds
Number of updated asset objects reloaded before import = 0
Number of asset objects unloaded after import = 2
========================================================================
Received Import Request.
  Time since last request: 0.954090 seconds.
  path: Assets/Shapes/pngwing.com.png
  artifactKey: Guid(38692bbc1a816744aafe12aa3414d138) Importer(2089858483,0ecaa5967403d082aa24f35e1b516d23)
Start importing Assets/Shapes/pngwing.com.png using Guid(38692bbc1a816744aafe12aa3414d138) Importer(2089858483,0ecaa5967403d082aa24f35e1b516d23) Generated GUIDs only implemented for interfaces!
 -> (artifact id: '17cb376ddfedb9ee86ae2594ddae4adc') in 0.027140 seconds
Number of updated asset objects reloaded before import = 0
Number of asset objects unloaded after import = 1
========================================================================
Received Import Request.
  Time since last request: 85.223130 seconds.
  path: Assets/Shapes/wallpaperflare.com_wallpaper.jpg
  artifactKey: Guid(d35abd8304e672f4488a0f8579ee2bdb) Importer(815301076,1909f56bfc062723c751e8b465ee728b)
Start importing Assets/Shapes/wallpaperflare.com_wallpaper.jpg using Guid(d35abd8304e672f4488a0f8579ee2bdb) Importer(815301076,1909f56bfc062723c751e8b465ee728b)  -> (artifact id: '63295574cc9f6b50a451bdccfc61067d') in 0.018165 seconds
Number of updated asset objects reloaded before import = 0
Number of asset objects unloaded after import = 2
========================================================================
Received Import Request.
  Time since last request: 0.954108 seconds.
  path: Assets/Shapes/wallpaperflare.com_wallpaper.jpg
  artifactKey: Guid(d35abd8304e672f4488a0f8579ee2bdb) Importer(2089858483,0ecaa5967403d082aa24f35e1b516d23)
Start importing Assets/Shapes/wallpaperflare.com_wallpaper.jpg using Guid(d35abd8304e672f4488a0f8579ee2bdb) Importer(2089858483,0ecaa5967403d082aa24f35e1b516d23) Generated GUIDs only implemented for interfaces!
 -> (artifact id: '94882698c05426c11346232cdca777ca') in 0.032515 seconds
Number of updated asset objects reloaded before import = 0
Number of asset objects unloaded after import = 1
========================================================================
Received Import Request.
  Time since last request: 8.447827 seconds.
  path: Assets/Shapes/Circles.unity
  artifactKey: Guid(520aba729b039f14a89ba88825996a86) Importer(815301076,1909f56bfc062723c751e8b465ee728b)
Start importing Assets/Shapes/Circles.unity using Guid(520aba729b039f14a89ba88825996a86) Importer(815301076,1909f56bfc062723c751e8b465ee728b)  -> (artifact id: 'aa668c08d207af735db1687eb7ea89aa') in 0.000497 seconds
Number of updated asset objects reloaded before import = 0
Number of asset objects unloaded after import = 0
========================================================================
Received Import Request.
  Time since last request: 48.810833 seconds.
  path: Assets/Shapes/wallpaperflare.com_wallpaper.jpg
  artifactKey: Guid(d35abd8304e672f4488a0f8579ee2bdb) Importer(815301076,1909f56bfc062723c751e8b465ee728b)
Start importing Assets/Shapes/wallpaperflare.com_wallpaper.jpg using Guid(d35abd8304e672f4488a0f8579ee2bdb) Importer(815301076,1909f56bfc062723c751e8b465ee728b)  -> (artifact id: 'cb8335b25d202f26da6098b0b70e740b') in 0.018730 seconds
Number of updated asset objects reloaded before import = 0
Number of asset objects unloaded after import = 2
========================================================================
Received Import Request.
  Time since last request: 0.968562 seconds.
  path: Assets/Shapes/wallpaperflare.com_wallpaper.jpg
  artifactKey: Guid(d35abd8304e672f4488a0f8579ee2bdb) Importer(2089858483,0ecaa5967403d082aa24f35e1b516d23)
Start importing Assets/Shapes/wallpaperflare.com_wallpaper.jpg using Guid(d35abd8304e672f4488a0f8579ee2bdb) Importer(2089858483,0ecaa5967403d082aa24f35e1b516d23) Generated GUIDs only implemented for interfaces!
 -> (artifact id: 'e4e0d19f6156bcaaa056e4237c62981e') in 0.024507 seconds
Number of updated asset objects reloaded before import = 0
Number of asset objects unloaded after import = 1
========================================================================
Received Import Request.
  Time since last request: 62.459593 seconds.
  path: Assets/Shapes/wallpaperflare.com_wallpaper (1).jpg
  artifactKey: Guid(b2cea10a95bced2479b0dc870d2e9196) Importer(815301076,1909f56bfc062723c751e8b465ee728b)
Start importing Assets/Shapes/wallpaperflare.com_wallpaper (1).jpg using Guid(b2cea10a95bced2479b0dc870d2e9196) Importer(815301076,1909f56bfc062723c751e8b465ee728b)  -> (artifact id: '467184d572c0af9635cbbc6a66c80761') in 0.017343 seconds
Number of updated asset objects reloaded before import = 0
Number of asset objects unloaded after import = 2
========================================================================
Received Import Request.
  Time since last request: 0.956891 seconds.
  path: Assets/Shapes/wallpaperflare.com_wallpaper (1).jpg
  artifactKey: Guid(b2cea10a95bced2479b0dc870d2e9196) Importer(2089858483,0ecaa5967403d082aa24f35e1b516d23)
Start importing Assets/Shapes/wallpaperflare.com_wallpaper (1).jpg using Guid(b2cea10a95bced2479b0dc870d2e9196) Importer(2089858483,0ecaa5967403d082aa24f35e1b516d23) Generated GUIDs only implemented for interfaces!
 -> (artifact id: '611f069efa9205c2d0153bc55115d482') in 0.034401 seconds
Number of updated asset objects reloaded before import = 0
Number of asset objects unloaded after import = 1
========================================================================
Received Import Request.
  Time since last request: 64.649946 seconds.
  path: Assets/Shapes/SkyBoxPanoramic.jpg
  artifactKey: Guid(b2cea10a95bced2479b0dc870d2e9196) Importer(815301076,1909f56bfc062723c751e8b465ee728b)
Start importing Assets/Shapes/SkyBoxPanoramic.jpg using Guid(b2cea10a95bced2479b0dc870d2e9196) Importer(815301076,1909f56bfc062723c751e8b465ee728b)  -> (artifact id: 'f07bd37bfa5dd50a4fdf84090831dae9') in 0.016402 seconds
Number of updated asset objects reloaded before import = 0
Number of asset objects unloaded after import = 2
========================================================================
Received Import Request.
  Time since last request: 0.966026 seconds.
  path: Assets/Shapes/SkyBoxPanoramic.jpg
  artifactKey: Guid(b2cea10a95bced2479b0dc870d2e9196) Importer(2089858483,0ecaa5967403d082aa24f35e1b516d23)
Start importing Assets/Shapes/SkyBoxPanoramic.jpg using Guid(b2cea10a95bced2479b0dc870d2e9196) Importer(2089858483,0ecaa5967403d082aa24f35e1b516d23) Generated GUIDs only implemented for interfaces!
 -> (artifact id: 'f2e824d941d2e375bbe20ff82b0b759a') in 0.028293 seconds
Number of updated asset objects reloaded before import = 0
Number of asset objects unloaded after import = 1
========================================================================
Received Import Request.
  Time since last request: 8.589273 seconds.
  path: Assets/Shapes/SkyBoxPanoramic.jpg
  artifactKey: Guid(b2cea10a95bced2479b0dc870d2e9196) Importer(2089858483,0ecaa5967403d082aa24f35e1b516d23)
Start importing Assets/Shapes/SkyBoxPanoramic.jpg using Guid(b2cea10a95bced2479b0dc870d2e9196) Importer(2089858483,0ecaa5967403d082aa24f35e1b516d23) Generated GUIDs only implemented for interfaces!
 -> (artifact id: '9aaa74b371a2533c6ce902fb31832b43') in 0.031864 seconds
Number of updated asset objects reloaded before import = 0
Number of asset objects unloaded after import = 1
========================================================================
Received Import Request.
  Time since last request: 1.079188 seconds.
  path: Assets/Shapes/SkyBoxPanoramic.jpg
  artifactKey: Guid(b2cea10a95bced2479b0dc870d2e9196) Importer(815301076,1909f56bfc062723c751e8b465ee728b)
Start importing Assets/Shapes/SkyBoxPanoramic.jpg using Guid(b2cea10a95bced2479b0dc870d2e9196) Importer(815301076,1909f56bfc062723c751e8b465ee728b)  -> (artifact id: '2e01def65aa2e0bbd71d1c70cab6c8ee') in 0.016589 seconds
Number of updated asset objects reloaded before import = 0
Number of asset objects unloaded after import = 2
========================================================================
Received Import Request.
  Time since last request: 3.931156 seconds.
  path: Assets/Shapes/SkyBoxPanoramic.jpg
  artifactKey: Guid(b2cea10a95bced2479b0dc870d2e9196) Importer(815301076,1909f56bfc062723c751e8b465ee728b)
Start importing Assets/Shapes/SkyBoxPanoramic.jpg using Guid(b2cea10a95bced2479b0dc870d2e9196) Importer(815301076,1909f56bfc062723c751e8b465ee728b)  -> (artifact id: 'eb71107726b5ace44b8e7535f97efbb2') in 0.014386 seconds
Number of updated asset objects reloaded before import = 0
Number of asset objects unloaded after import = 2
========================================================================
Received Import Request.
  Time since last request: 0.977602 seconds.
  path: Assets/Shapes/SkyBoxPanoramic.jpg
  artifactKey: Guid(b2cea10a95bced2479b0dc870d2e9196) Importer(2089858483,0ecaa5967403d082aa24f35e1b516d23)
Start importing Assets/Shapes/SkyBoxPanoramic.jpg using Guid(b2cea10a95bced2479b0dc870d2e9196) Importer(2089858483,0ecaa5967403d082aa24f35e1b516d23) Generated GUIDs only implemented for interfaces!
 -> (artifact id: 'bd188b10729475cb7edab12ac9ee8eae') in 0.029184 seconds
Number of updated asset objects reloaded before import = 0
Number of asset objects unloaded after import = 1
========================================================================
Received Prepare
Begin MonoManager ReloadAssembly
- Loaded All Assemblies, in  0.184 seconds
Refreshing native plugins compatible for Editor in 0.00 ms, found 0 plugins.
Native extension for WindowsStandalone target not found
Mono: successfully reloaded assembly
- Finished resetting the current domain, in  0.284 seconds
Domain Reload Profiling: 468ms
	BeginReloadAssembly (116ms)
		ExecutionOrderSort (0ms)
		DisableScriptedObjects (4ms)
		BackupInstance (0ms)
		ReleaseScriptingObjects (0ms)
		CreateAndSetChildDomain (19ms)
	RebuildCommonClasses (33ms)
	RebuildNativeTypeToScriptingClass (9ms)
	initialDomainReloadingComplete (20ms)
	LoadAllAssembliesAndSetupDomain (6ms)
		LoadAssemblies (69ms)
		RebuildTransferFunctionScriptingTraits (0ms)
		AnalyzeDomain (4ms)
			TypeCache.Refresh (2ms)
				TypeCache.ScanAssembly (0ms)
			ScanForSourceGeneratedMonoScriptInfo (0ms)
			ResolveRequiredComponents (0ms)
	FinalizeReload (284ms)
		ReleaseScriptCaches (0ms)
		RebuildScriptCaches (0ms)
		SetupLoadedEditorAssemblies (173ms)
			LogAssemblyErrors (0ms)
			InitializePlatformSupportModulesInManaged (5ms)
			SetLoadedEditorAssemblies (4ms)
			RefreshPlugins (0ms)
			BeforeProcessingInitializeOnLoad (20ms)
			ProcessInitializeOnLoadAttributes (123ms)
			ProcessInitializeOnLoadMethodAttributes (16ms)
			AfterProcessingInitializeOnLoad (5ms)
			EditorAssembliesLoaded (0ms)
		ExecutionOrderSort2 (0ms)
		AwakeInstancesAfterBackupRestoration (5ms)
Refreshing native plugins compatible for Editor in 0.00 ms, found 0 plugins.
Preloading 0 native plugins for Editor in 0.00 ms.
Unloading 4 Unused Serialized files (Serialized files now loaded: 0)
Unloading 1 unused Assets / (9.6 KB). Loaded Objects now: 487.
Memory consumption went from 53.3 MB to 53.3 MB.
Total: 2.759600 ms (FindLiveObjects: 0.053600 ms CreateObjectMapping: 0.003500 ms MarkObjects: 2.679100 ms  DeleteObjects: 0.022500 ms)

Prepare: number of updated asset objects reloaded= 0
AssetImportParameters requested are different than current active one (requested -> active):
  custom:video-decoder-ogg-theora: a1e56fd34408186e4bbccfd4996cb3dc -> 
  custom:container-muxer-webm: aa71ff27fc2769a1b78a27578f13a17b -> 
  custom:container-demuxer-webm: 4f35f7cbe854078d1ac9338744f61a02 -> 
  custom:video-encoder-webm-vp8: eb34c28f22e8b96e1ab97ce403110664 -> 
  custom:CustomObjectIndexerAttribute: 43b350a4d6e6d1791af0b5038c4bea17 -> 
  custom:audio-encoder-webm-vorbis: bf7c407c2cedff20999df2af8eb42d56 -> 
  custom:framework-win-MediaFoundation: 216162199b28c13a410421893ffa2e32 -> 
  custom:SearchIndexIgnoredProperties: e643bd26f0fe6173181afceb89e7c659 -> 
  custom:container-demuxer-ogg: 62fdf1f143b41e24485cea50d1cbac27 -> 
  custom:video-decoder-webm-vp8: 9c59270c3fd7afecdb556c50c9e8de78 -> 
  custom:scripting/monoscript/fileName/ContainerObjects.cs: 980bd80e676de21bde171e3d36f724c2 -> 
  custom:audio-decoder-ogg-vorbis: bf7c407c2cedff20999df2af8eb42d56 -> 
  custom:AudioImporter_EditorPlatform: d09bf68614088b80899f8185d706f6e7 -> 
========================================================================
Received Prepare
Begin MonoManager ReloadAssembly
- Loaded All Assemblies, in  0.203 seconds
Refreshing native plugins compatible for Editor in 0.00 ms, found 0 plugins.
Native extension for WindowsStandalone target not found
Mono: successfully reloaded assembly
- Finished resetting the current domain, in  0.307 seconds
Domain Reload Profiling: 509ms
	BeginReloadAssembly (122ms)
		ExecutionOrderSort (0ms)
		DisableScriptedObjects (4ms)
		BackupInstance (0ms)
		ReleaseScriptingObjects (0ms)
		CreateAndSetChildDomain (18ms)
	RebuildCommonClasses (29ms)
	RebuildNativeTypeToScriptingClass (22ms)
	initialDomainReloadingComplete (20ms)
	LoadAllAssembliesAndSetupDomain (8ms)
		LoadAssemblies (75ms)
		RebuildTransferFunctionScriptingTraits (0ms)
		AnalyzeDomain (6ms)
			TypeCache.Refresh (4ms)
				TypeCache.ScanAssembly (1ms)
			ScanForSourceGeneratedMonoScriptInfo (1ms)
			ResolveRequiredComponents (1ms)
	FinalizeReload (308ms)
		ReleaseScriptCaches (0ms)
		RebuildScriptCaches (0ms)
		SetupLoadedEditorAssemblies (198ms)
			LogAssemblyErrors (0ms)
			InitializePlatformSupportModulesInManaged (5ms)
			SetLoadedEditorAssemblies (5ms)
			RefreshPlugins (0ms)
			BeforeProcessingInitializeOnLoad (25ms)
			ProcessInitializeOnLoadAttributes (136ms)
			ProcessInitializeOnLoadMethodAttributes (22ms)
			AfterProcessingInitializeOnLoad (5ms)
			EditorAssembliesLoaded (0ms)
		ExecutionOrderSort2 (0ms)
		AwakeInstancesAfterBackupRestoration (5ms)
Refreshing native plugins compatible for Editor in 0.00 ms, found 0 plugins.
Preloading 0 native plugins for Editor in 0.00 ms.
Unloading 22 Unused Serialized files (Serialized files now loaded: 0)
Unloading 1 unused Assets / (22.8 KB). Loaded Objects now: 504.
Memory consumption went from 55.9 MB to 55.9 MB.
Total: 2.278900 ms (FindLiveObjects: 0.047100 ms CreateObjectMapping: 0.003200 ms MarkObjects: 2.207500 ms  DeleteObjects: 0.020200 ms)

Prepare: number of updated asset objects reloaded= 0
AssetImportParameters requested are different than current active one (requested -> active):
  custom:container-muxer-webm: aa71ff27fc2769a1b78a27578f13a17b -> 
  custom:video-encoder-webm-vp8: eb34c28f22e8b96e1ab97ce403110664 -> 
  custom:audio-encoder-webm-vorbis: bf7c407c2cedff20999df2af8eb42d56 -> 
  custom:container-demuxer-ogg: 62fdf1f143b41e24485cea50d1cbac27 -> 
  custom:video-decoder-webm-vp8: 9c59270c3fd7afecdb556c50c9e8de78 -> 
  custom:audio-decoder-ogg-vorbis: bf7c407c2cedff20999df2af8eb42d56 -> 
  custom:AudioImporter_EditorPlatform: d09bf68614088b80899f8185d706f6e7 -> 
  custom:video-decoder-ogg-theora: a1e56fd34408186e4bbccfd4996cb3dc -> 
  custom:container-demuxer-webm: 4f35f7cbe854078d1ac9338744f61a02 -> 
  custom:CustomObjectIndexerAttribute: 43b350a4d6e6d1791af0b5038c4bea17 -> 
  custom:framework-win-MediaFoundation: 216162199b28c13a410421893ffa2e32 -> 
  custom:SearchIndexIgnoredProperties: e643bd26f0fe6173181afceb89e7c659 -> 
  custom:scripting/monoscript/fileName/ContainerObjects.cs: 980bd80e676de21bde171e3d36f724c2 -> 
========================================================================
Received Import Request.
  Time since last request: 1658.318192 seconds.
  path: Assets/Kinemation/FPSFramework
  artifactKey: Guid(a11b627f2000e4240a605c758680d7eb) Importer(815301076,1909f56bfc062723c751e8b465ee728b)
Start importing Assets/Kinemation/FPSFramework using Guid(a11b627f2000e4240a605c758680d7eb) Importer(815301076,1909f56bfc062723c751e8b465ee728b)  -> (artifact id: 'd123f8cbddbc3c58494e5a0bb06af6af') in 0.002897 seconds
Number of updated asset objects reloaded before import = 0
Number of asset objects unloaded after import = 0
========================================================================
Received Import Request.
  Time since last request: 2.066051 seconds.
  path: Assets/Kinemation/FPSFramework/Runtime
  artifactKey: Guid(8cfeeafd27e68094eb3b8f9d5da1c80d) Importer(815301076,1909f56bfc062723c751e8b465ee728b)
Start importing Assets/Kinemation/FPSFramework/Runtime using Guid(8cfeeafd27e68094eb3b8f9d5da1c80d) Importer(815301076,1909f56bfc062723c751e8b465ee728b)  -> (artifact id: 'e8f579281b8abeaf0f0548ad26d332fb') in 0.000544 seconds
Number of updated asset objects reloaded before import = 0
Number of asset objects unloaded after import = 0
========================================================================
Received Import Request.
  Time since last request: 1.521629 seconds.
  path: Assets/Kinemation/FPSFramework/Runtime/Core
  artifactKey: Guid(474eccd1b56f93c4291b009403c49f05) Importer(815301076,1909f56bfc062723c751e8b465ee728b)
Start importing Assets/Kinemation/FPSFramework/Runtime/Core using Guid(474eccd1b56f93c4291b009403c49f05) Importer(815301076,1909f56bfc062723c751e8b465ee728b)  -> (artifact id: '8d9ed6d942b593ca963c64e3e016735c') in 0.000537 seconds
Number of updated asset objects reloaded before import = 0
Number of asset objects unloaded after import = 0
========================================================================
Received Import Request.
  Time since last request: 4.679306 seconds.
  path: Assets/Kinemation/FPSFramework/Editor
  artifactKey: Guid(0cf1ea951eb2f9d469547cbe877d89d5) Importer(815301076,1909f56bfc062723c751e8b465ee728b)
Start importing Assets/Kinemation/FPSFramework/Editor using Guid(0cf1ea951eb2f9d469547cbe877d89d5) Importer(815301076,1909f56bfc062723c751e8b465ee728b)  -> (artifact id: '0e9b0a3d73fe43316711f9007c9aa147') in 0.000487 seconds
Number of updated asset objects reloaded before import = 0
Number of asset objects unloaded after import = 0
========================================================================
Received Import Request.
  Time since last request: 1.579761 seconds.
  path: Assets/Kinemation/FPSFramework/Editor/Core
  artifactKey: Guid(21e7b6bd4b8aaf34c8d8650daa4170de) Importer(815301076,1909f56bfc062723c751e8b465ee728b)
Start importing Assets/Kinemation/FPSFramework/Editor/Core using Guid(21e7b6bd4b8aaf34c8d8650daa4170de) Importer(815301076,1909f56bfc062723c751e8b465ee728b)  -> (artifact id: '15898e1bc668e4e3f1f83990b1f39ead') in 0.000507 seconds
Number of updated asset objects reloaded before import = 0
Number of asset objects unloaded after import = 0
========================================================================
Received Prepare
Begin MonoManager ReloadAssembly
- Loaded All Assemblies, in  0.221 seconds
Refreshing native plugins compatible for Editor in 0.00 ms, found 0 plugins.
Native extension for WindowsStandalone target not found
Mono: successfully reloaded assembly
- Finished resetting the current domain, in  0.402 seconds
Domain Reload Profiling: 623ms
	BeginReloadAssembly (148ms)
		ExecutionOrderSort (0ms)
		DisableScriptedObjects (7ms)
		BackupInstance (0ms)
		ReleaseScriptingObjects (0ms)
		CreateAndSetChildDomain (23ms)
	RebuildCommonClasses (30ms)
	RebuildNativeTypeToScriptingClass (11ms)
	initialDomainReloadingComplete (24ms)
	LoadAllAssembliesAndSetupDomain (7ms)
		LoadAssemblies (90ms)
		RebuildTransferFunctionScriptingTraits (0ms)
		AnalyzeDomain (4ms)
			TypeCache.Refresh (3ms)
				TypeCache.ScanAssembly (0ms)
			ScanForSourceGeneratedMonoScriptInfo (0ms)
			ResolveRequiredComponents (1ms)
	FinalizeReload (403ms)
		ReleaseScriptCaches (0ms)
		RebuildScriptCaches (0ms)
		SetupLoadedEditorAssemblies (225ms)
			LogAssemblyErrors (0ms)
			InitializePlatformSupportModulesInManaged (7ms)
			SetLoadedEditorAssemblies (6ms)
			RefreshPlugins (0ms)
			BeforeProcessingInitializeOnLoad (27ms)
			ProcessInitializeOnLoadAttributes (157ms)
			ProcessInitializeOnLoadMethodAttributes (22ms)
			AfterProcessingInitializeOnLoad (5ms)
			EditorAssembliesLoaded (0ms)
		ExecutionOrderSort2 (0ms)
		AwakeInstancesAfterBackupRestoration (8ms)
Refreshing native plugins compatible for Editor in 0.00 ms, found 0 plugins.
Preloading 0 native plugins for Editor in 0.00 ms.
Unloading 21 Unused Serialized files (Serialized files now loaded: 0)
Unloading 1 unused Assets / (22.8 KB). Loaded Objects now: 504.
Memory consumption went from 57.6 MB to 57.6 MB.
Total: 1.735200 ms (FindLiveObjects: 0.035700 ms CreateObjectMapping: 0.003500 ms MarkObjects: 1.677700 ms  DeleteObjects: 0.017400 ms)

Prepare: number of updated asset objects reloaded= 0
AssetImportParameters requested are different than current active one (requested -> active):
  custom:container-muxer-webm: aa71ff27fc2769a1b78a27578f13a17b -> 
  custom:video-encoder-webm-vp8: eb34c28f22e8b96e1ab97ce403110664 -> 
  custom:audio-encoder-webm-vorbis: bf7c407c2cedff20999df2af8eb42d56 -> 
  custom:container-demuxer-ogg: 62fdf1f143b41e24485cea50d1cbac27 -> 
  custom:video-decoder-webm-vp8: 9c59270c3fd7afecdb556c50c9e8de78 -> 
  custom:audio-decoder-ogg-vorbis: bf7c407c2cedff20999df2af8eb42d56 -> 
  custom:AudioImporter_EditorPlatform: d09bf68614088b80899f8185d706f6e7 -> 
  custom:video-decoder-ogg-theora: a1e56fd34408186e4bbccfd4996cb3dc -> 
  custom:container-demuxer-webm: 4f35f7cbe854078d1ac9338744f61a02 -> 
  custom:CustomObjectIndexerAttribute: 43b350a4d6e6d1791af0b5038c4bea17 -> 
  custom:framework-win-MediaFoundation: 216162199b28c13a410421893ffa2e32 -> 
  custom:SearchIndexIgnoredProperties: e643bd26f0fe6173181afceb89e7c659 -> 
  custom:scripting/monoscript/fileName/ContainerObjects.cs: 980bd80e676de21bde171e3d36f724c2 -> 
========================================================================
Received Prepare
Begin MonoManager ReloadAssembly
- Loaded All Assemblies, in  0.205 seconds
Refreshing native plugins compatible for Editor in 0.00 ms, found 0 plugins.
Native extension for WindowsStandalone target not found
Mono: successfully reloaded assembly
- Finished resetting the current domain, in  0.331 seconds
Domain Reload Profiling: 535ms
	BeginReloadAssembly (129ms)
		ExecutionOrderSort (0ms)
		DisableScriptedObjects (4ms)
		BackupInstance (0ms)
		ReleaseScriptingObjects (0ms)
		CreateAndSetChildDomain (18ms)
	RebuildCommonClasses (34ms)
	RebuildNativeTypeToScriptingClass (10ms)
	initialDomainReloadingComplete (22ms)
	LoadAllAssembliesAndSetupDomain (9ms)
		LoadAssemblies (83ms)
		RebuildTransferFunctionScriptingTraits (0ms)
		AnalyzeDomain (6ms)
			TypeCache.Refresh (5ms)
				TypeCache.ScanAssembly (0ms)
			ScanForSourceGeneratedMonoScriptInfo (0ms)
			ResolveRequiredComponents (0ms)
	FinalizeReload (332ms)
		ReleaseScriptCaches (0ms)
		RebuildScriptCaches (0ms)
		SetupLoadedEditorAssemblies (207ms)
			LogAssemblyErrors (0ms)
			InitializePlatformSupportModulesInManaged (5ms)
			SetLoadedEditorAssemblies (4ms)
			RefreshPlugins (0ms)
			BeforeProcessingInitializeOnLoad (23ms)
			ProcessInitializeOnLoadAttributes (149ms)
			ProcessInitializeOnLoadMethodAttributes (20ms)
			AfterProcessingInitializeOnLoad (5ms)
			EditorAssembliesLoaded (0ms)
		ExecutionOrderSort2 (0ms)
		AwakeInstancesAfterBackupRestoration (7ms)
Refreshing native plugins compatible for Editor in 0.00 ms, found 0 plugins.
Preloading 0 native plugins for Editor in 0.00 ms.
Unloading 5 Unused Serialized files (Serialized files now loaded: 0)
Unloading 14 unused Assets / (18.6 KB). Loaded Objects now: 491.
Memory consumption went from 59.4 MB to 59.4 MB.
Total: 3.000600 ms (FindLiveObjects: 0.037800 ms CreateObjectMapping: 0.003400 ms MarkObjects: 2.906200 ms  DeleteObjects: 0.051500 ms)

Prepare: number of updated asset objects reloaded= 0
AssetImportParameters requested are different than current active one (requested -> active):
  custom:container-muxer-webm: aa71ff27fc2769a1b78a27578f13a17b -> 
  custom:video-encoder-webm-vp8: eb34c28f22e8b96e1ab97ce403110664 -> 
  custom:audio-encoder-webm-vorbis: bf7c407c2cedff20999df2af8eb42d56 -> 
  custom:container-demuxer-ogg: 62fdf1f143b41e24485cea50d1cbac27 -> 
  custom:video-decoder-webm-vp8: 9c59270c3fd7afecdb556c50c9e8de78 -> 
  custom:audio-decoder-ogg-vorbis: bf7c407c2cedff20999df2af8eb42d56 -> 
  custom:AudioImporter_EditorPlatform: d09bf68614088b80899f8185d706f6e7 -> 
  custom:video-decoder-ogg-theora: a1e56fd34408186e4bbccfd4996cb3dc -> 
  custom:container-demuxer-webm: 4f35f7cbe854078d1ac9338744f61a02 -> 
  custom:CustomObjectIndexerAttribute: 43b350a4d6e6d1791af0b5038c4bea17 -> 
  custom:framework-win-MediaFoundation: 216162199b28c13a410421893ffa2e32 -> 
  custom:SearchIndexIgnoredProperties: e643bd26f0fe6173181afceb89e7c659 -> 
  custom:scripting/monoscript/fileName/ContainerObjects.cs: 980bd80e676de21bde171e3d36f724c2 -> 
========================================================================
Received Prepare
Begin MonoManager ReloadAssembly
- Loaded All Assemblies, in  0.217 seconds
Refreshing native plugins compatible for Editor in 0.00 ms, found 0 plugins.
Native extension for WindowsStandalone target not found
Mono: successfully reloaded assembly
- Finished resetting the current domain, in  0.358 seconds
Domain Reload Profiling: 573ms
	BeginReloadAssembly (137ms)
		ExecutionOrderSort (0ms)
		DisableScriptedObjects (6ms)
		BackupInstance (0ms)
		ReleaseScriptingObjects (0ms)
		CreateAndSetChildDomain (21ms)
	RebuildCommonClasses (37ms)
	RebuildNativeTypeToScriptingClass (12ms)
	initialDomainReloadingComplete (22ms)
	LoadAllAssembliesAndSetupDomain (7ms)
		LoadAssemblies (85ms)
		RebuildTransferFunctionScriptingTraits (0ms)
		AnalyzeDomain (5ms)
			TypeCache.Refresh (3ms)
				TypeCache.ScanAssembly (0ms)
			ScanForSourceGeneratedMonoScriptInfo (0ms)
			ResolveRequiredComponents (1ms)
	FinalizeReload (358ms)
		ReleaseScriptCaches (0ms)
		RebuildScriptCaches (0ms)
		SetupLoadedEditorAssemblies (235ms)
			LogAssemblyErrors (0ms)
			InitializePlatformSupportModulesInManaged (7ms)
			SetLoadedEditorAssemblies (6ms)
			RefreshPlugins (0ms)
			BeforeProcessingInitializeOnLoad (30ms)
			ProcessInitializeOnLoadAttributes (163ms)
			ProcessInitializeOnLoadMethodAttributes (24ms)
			AfterProcessingInitializeOnLoad (5ms)
			EditorAssembliesLoaded (0ms)
		ExecutionOrderSort2 (0ms)
		AwakeInstancesAfterBackupRestoration (6ms)
Refreshing native plugins compatible for Editor in 0.00 ms, found 0 plugins.
Preloading 0 native plugins for Editor in 0.00 ms.
Unloading 5 Unused Serialized files (Serialized files now loaded: 0)
Unloading 1 unused Assets / (11.9 KB). Loaded Objects now: 491.
Memory consumption went from 61.3 MB to 61.3 MB.
Total: 2.263000 ms (FindLiveObjects: 0.040600 ms CreateObjectMapping: 0.002900 ms MarkObjects: 2.196700 ms  DeleteObjects: 0.021200 ms)

Prepare: number of updated asset objects reloaded= 0
AssetImportParameters requested are different than current active one (requested -> active):
  custom:container-muxer-webm: aa71ff27fc2769a1b78a27578f13a17b -> 
  custom:video-encoder-webm-vp8: eb34c28f22e8b96e1ab97ce403110664 -> 
  custom:audio-encoder-webm-vorbis: bf7c407c2cedff20999df2af8eb42d56 -> 
  custom:container-demuxer-ogg: 62fdf1f143b41e24485cea50d1cbac27 -> 
  custom:video-decoder-webm-vp8: 9c59270c3fd7afecdb556c50c9e8de78 -> 
  custom:audio-decoder-ogg-vorbis: bf7c407c2cedff20999df2af8eb42d56 -> 
  custom:AudioImporter_EditorPlatform: d09bf68614088b80899f8185d706f6e7 -> 
  custom:video-decoder-ogg-theora: a1e56fd34408186e4bbccfd4996cb3dc -> 
  custom:container-demuxer-webm: 4f35f7cbe854078d1ac9338744f61a02 -> 
  custom:CustomObjectIndexerAttribute: 43b350a4d6e6d1791af0b5038c4bea17 -> 
  custom:framework-win-MediaFoundation: 216162199b28c13a410421893ffa2e32 -> 
  custom:SearchIndexIgnoredProperties: e643bd26f0fe6173181afceb89e7c659 -> 
  custom:scripting/monoscript/fileName/ContainerObjects.cs: 980bd80e676de21bde171e3d36f724c2 -> 
